<?xml version="1.0" encoding="UTF-8"?>
<!-- Generated by org.testng.reporters.JUnitReportReporter -->
<testsuite hostname="DESKTOP-H49206H" failures="0" tests="2" name="testCases.TC_001_DashBoard" time="1.988" errors="0" timestamp="2025-03-23T23:19:04 IST" skipped="0">
  <testcase classname="testCases.TC_001_DashBoard" name="dashboardpage" time="1.555"/>
  <testcase classname="testCases.TC_001_DashBoard" name="dashboardpage" time="0.433"/>
</testsuite> <!-- testCases.TC_001_DashBoard -->
