<?xml version="1.0" encoding="UTF-8"?>
<!-- Generated by org.testng.reporters.JUnitReportReporter -->
<testsuite hostname="DESKTOP-H49206H" failures="0" tests="1" name="testCases.TC_0001_Dashboard" time="5.999" errors="0" timestamp="2025-03-23T20:30:41 IST" skipped="0">
  <testcase classname="testCases.TC_0001_Dashboard" name="t" time="5.999"/>
</testsuite> <!-- testCases.TC_0001_Dashboard -->
