<?xml version="1.0" encoding="UTF-8"?>
<!-- Generated by org.testng.reporters.JUnitReportReporter -->
<testsuite hostname="DESKTOP-H49206H" failures="0" tests="2" name="testCases.TC_002_AdminPage" time="3.854" errors="0" timestamp="2025-03-23T23:19:04 IST" skipped="0">
  <testcase classname="testCases.TC_002_AdminPage" name="AdminPahe" time="2.065"/>
  <testcase classname="testCases.TC_002_AdminPage" name="AdminPahe" time="1.789"/>
</testsuite> <!-- testCases.TC_002_AdminPage -->
