<?xml version="1.0" encoding="UTF-8"?>
<!-- Generated by org.testng.reporters.JUnitReportReporter -->
<testsuite hostname="DESKTOP-H49206H" failures="0" tests="1" name="testCases.TC_0001_HRMLogin" time="0.773" errors="0" timestamp="2025-03-23T22:18:15 IST" skipped="0">
  <testcase classname="testCases.TC_0001_HRMLogin" name="Login" time="0.773"/>
</testsuite> <!-- testCases.TC_0001_HRMLogin -->
