<?xml version="1.0" encoding="UTF-8"?>
<!-- Generated by org.testng.reporters.JUnitReportReporter -->
<testsuite hostname="DESKTOP-H49206H" failures="0" tests="1" name="testCases.TC_0002_DashBoard" time="1.597" errors="0" timestamp="2025-03-23T22:20:47 IST" skipped="0">
  <testcase classname="testCases.TC_0002_DashBoard" name="dashboardpage" time="1.597"/>
</testsuite> <!-- testCases.TC_0002_DashBoard -->
